-1
5554353
82187797911
-1
-1
-1
-1
51288466782
673052
-1
-1
68254366973
-1
4010095008
-1
-1
134
-1
-1
-1
-1
-1
-1
-1
315737117
7180
2745662304
-1
-1
4017194776
-1
299203379332
3327826770
9963770339
1
346141
267765943288
-1
181
5712968
-1
2493638
-1
-1
147871722184
18241
-1
988843346
-1
40147494360
-1
-1
313065817539
-1
-1
106946419
351123764196
-1
115881923850
9
-1
593198688451
596084415
-1
2215682879
20
30
245980322408
-1
-1
-1
16074146
16281323877
923786227
4
9815914443
4
280057450518
-1
5002967351
-1
-1
421408998
28799364519
-1
15605927
-1
-1
-1
25025591974
51360625853
690
33418481
-1
5156
24450139152
-1
-1
19398059218
630
