2
0
1
5
2
0
0
1380
1380
683
1380
1491
0
126
3323
1491
1604
1604
126
1380
0
4483
0
1380
0
0
0
0
3270
834
0
0
0
0
0
0
348
874
0
0
214
0
138
0
874
0
0
0
0
563
0
0
0
0
563
0
138
0
1382
0
1382
1382
0
70
0
1382
0
0
0
0
0
0
0
326
0
4359
0
0
2885
0
0
622
429
853
0
167
0
1103
0
0
622
739
167
0
0
1103
0
3054
0
2650
0
0
0
1103
1103
0
0
0
3801
0
0
0
4565
0
0
4596
5428
0
343
1761
1761
0
2602
0
0
0
0
4462
0
0
914
361
914
0
0
6375
0
0
2822
956
0
0
361
0
0
0
0
0
6085
0
975
707
0
760
443
302
0
1266
1057
0
0
0
0
964
1775
932
0
0
314
0
900
932
0
1266
0
0
0
2996
421
0
0
0
421
2959
0
0
655
0
0
1475
3625
0
1199
0
0
1168
1475
1475
0
900
1591
0
0
0
1337
0
1814
0
1591
1225
1280
0
1280
0
0
396
0
0
1584
973
0
0
1225
0
0
2949
577
396
1450
28
1916
1281
655
0
0
0
28
2565
28
1943
1916
3555
889
0
2949
0
9119
2183
4439
3058
0
15
0
635
0
0
0
355
629
0
0
1149
2169
0
0
432
2811
0
355
0
1990
1990
0
962
0
52
720
0
559
0
0
0
2403
0
1160
0
0
112
0
3186
4359
0
0
52
2220
0
808
0
0
0
0
0
0
0
2527
808
1460
1145
0
1288
0
1135
0
355
0
444
0
0
0
4316
35
0
35
2591
0
0
1135
15
0
0
4316
0
1188
1145
0
1145
0
0
1178
0
0
0
3972
0
0
0
355
0
0
0
0
444
0
2708
0
0
0
4607
0
0
0
0
365
35
1160
0
1336
4607
0
0
0
0
0
0
28
0
856
0
0
0
0
2536
0
0
871
960
856
0
2536
856
0
0
900
0
0
28
0
0
0
0
0
1645
0
3864
986
128
0
0
0
0
0
0
871
141
0
0
0
0
579
0
0
1044
361
2553
0
0
2553
56
0
1340
0
844
3428
1044
0
7268
28
0
56
0
1153
834
3342
0
1238
113
0
28
0
0
0
0
0
28
0
0
8207
0
3054
1022
0
3444
0
8076
1738
0
0
2192
0
0
28
1025
0
0
0
0
0
1025
3444
0
0
0
0
0
6698
0
0
1102
452
0
0
1578
0
1760
0
816
867
2861
0
2861
6812
6178
0
0
1775
0
1102
4039
0
0
0
2438
0
0
0
0
0
0
4131
7634
1399
0
2707
0
1670
1688
919
0
0
91
927
0
91
206
518
0
304
0
0
0
0
1468
836
341
0
0
0
0
0
754
0
2491
0
0
633
0
0
601
0
2983
0
0
512
341
1529
206
0
743
1240
666
0
0
0
0
0
0
2491
0
0
1505
0
0
4854
0
779
0
0
465
1068
988
2220
0
0
341
754
1240
0
1505
1094
0
1068
3228
72
0
137
454
3181
0
743
454
0
261
0
2220
4317
0
2780
0
0
754
0
3234
0
1720
2712
0
3181
0
5517
2283
7191
0
0
0
341
6826
2947
0
0
0
633
465
0
0
0
0
0
0
0
1577
633
0
0
2283
3301
0
0
3828
3301
341
3828
3404
1094
2712
0
0
454
72
72
8921
0
0
3301
8221
891
3828
0
5268
0
0
1094
0
72
0
0
0
1073
0
0
0
0
1329
3039
475
1507
2283
2759
0
0
0
0
0
2759
0
0
532
821
819
539
143
0
2
0
403
167
0
1090
539
0
0
690
0
821
0
0
2
780
1267
0
0
0
0
0
0
1111
143
0
1090
0
1111
6
767
0
1198
0
403
167
131
953
1090
767
1080
322
1174
6
422
0
0
0
403
0
1080
2115
143
131
1107
0
0
0
0
0
1078
1111
0
3570
1436
767
0
2115
123
0
0
143
1869
0
15
0
3120
0
2339
3570
2115
1913
981
1111
0
2190
532
0
273
0
0
0
0
0
0
304
0
0
0
0
0
0
0
0
322
757
1982
0
8174
0
304
3786
143
2929
0
0
670
2354
3061
0
4942
1902
1773
2232
0
3045
0
1902
2172
0
0
780
0
0
600
0
0
5184
2994
0
1443
2375
0
2845
3479
0
1161
1563
0
1902
0
0
4651
0
0
689
3380
3761
0
6759
4789
0
1161
0
780
5783
0
0
3425
0
0
2113
0
5783
2
0
0
2354
0
0
0
5096
2375
4123
0
1773
1773
5918
0
13471
0
0
0
1056
856
776
0
45
45
870
0
496
0
1537
1024
0
0
0
0
1537
0
0
0
0
711
374
0
2291
0
121
0
0
0
0
0
0
425
711
0
0
285
121
0
1051
0
0
0
0
3271
0
562
1081
0
817
1135
0
0
0
0
0
0
0
0
1379
2543
1768
1191
0
1768
0
0
0
0
870
1573
0
0
1061
870
0
2613
1111
1191
0
0
867
0
3249
0
1997
0
0
870
0
1058
0
0
1020
0
0
2704
0
0
0
0
4223
1997
2613
0
0
0
0
0
809
2928
0
991
461
0
0
0
0
2635
3356
0
0
0
0
0
521
0
0
0
5383
1154
5263
976
0
0
895
2574
0
0
0
1903
895
0
3490
1997
0
1135
3731
3453
0
521
0
3731
0
0
0
0
4026
2272
0
1051
0
0
1003
3453
0
870
0
0
744
0
2432
0
2152
0
2432
0
1051
3305
0
8691
2702
0
3370
0
0
870
1340
0
1051
0
0
0
0
0
0
0
870
0
0
0
1220
5659
1837
2696
3453
1003
0
3662
5659
3370
2337
7732
1903
6343
744
0
0
1126
0
0
4721
1340
0
4153
0
0
9581
0
0
0
0
254
0
0
48
0
0
1593
0
0
0
527
0
0
48
560
537
0
1098
0
0
0
138
0
0
0
0
0
0
0
0
0
0
0
254
0
0
1337
1337
0
508
0
0
1188
0
0
0
527
0
3129
2515
0
1416
0
0
656
297
0
1099
1631
213
3690
514
1268
0
3295
0
0
213
1416
1657
0
3506
3252
606
1657
617
0
606
0
0
321
2243
0
5193
4259
3813
0
1385
0
0
2307
0
0
0
2312
0
0
0
1098
2587
3439
0
741
1741
4523
0
3908
0
6058
1604
5988
0
0
624
0
0
3908
0
1799
0
321
0
0
0
277
0
835
297
6334
0
617
0
8500
606
4617
0
0
280
84
0
0
2348
0
0
1126
0
1604
1528
0
2587
0
1126
8955
1483
0
4254
9071
0
670
8331
6183
3128
0
455
465
1528
1791
1255
8844
0
10932
280
0
0
0
1526
0
820
7649
0
0
0
0
0
0
0
0
2648
0
5836
0
0
277
0
5237
4385
0
3128
0
0
9423
9842
84
2348
3128
0
0
131
1398
3128
0
0
1958
4643
0
514
427
0
321
5836
0
9922
1041
2176
0
0
1584
1526
0
0
131
10090
9014
2348
0
0
0
0
0
2379
465
0
1829
0
0
8680
1041
5237
0
2379
12564
9195
0
0
0
0
1126
0
2348
427
820
1494
0
1158
748
2477
748
495
702
0
937
0
1494
99
2273
0
436
128
1455
282
19
0
2762
834
851
820
820
0
0
573
1722
444
0
712
4028
1090
0
420
436
436
0
0
1935
282
0
0
0
0
0
937
1989
0
0
202
0
0
0
1885
1500
4797
259
0
420
0
0
868
0
0
937
0
599
665
0
0
0
0
436
0
1192
0
0
3163
1722
0
0
2613
0
0
0
5595
12
3732
4107
0
438
1047
4718
0
1800
0
0
128
0
4718
0
0
1047
3499
0
0
0
0
0
7185
2613
0
599
0
0
1047
1047
4718
599
0
845
0
868
5595
0
2017
1800
1307
0
1307
0
0
193
0
1392
1487
0
0
0
0
5619
0
3499
1316
1931
2017
0
0
3530
2066
5766
0
0
0
0
2348
1954
0
5766
0
0
2232
9787
0
0
0
2066
4292
1898
1913
665
0
0
6441
0
1487
678
1192
425
0
0
0
0
0
2066
665
6440
0
0
2737
1487
0
5052
0
2737
7982
2348
0
3580
0
0
0
1898
58
0
665
58
0
7432
1510
2457
1087
1316
0
8478
1087
143
0
5393
0
2311
1553
0
2457
2019
0
3552
1510
434
1235
0
4189
0
2737
0
245
6614
0
0
0
1105
12008
4597
665
5770
5926
2428
5636
12008
0
4597
0
2311
1510
241
0
1015
2882
1510
6614
0
7373
0
0
6286
1631
0
0
1631
0
942
0
5636
0
3694
9240
0
5770
5926
0
0
0
0
0
0
377
0
0
530
0
464
782
258
361
1632
99
0
0
341
0
0
1412
361
1586
506
0
630
630
0
0
0
377
630
0
622
0
779
0
0
1228
341
0
98
618
630
630
0
0
0
309
506
0
0
633
912
2763
1128
804
99
0
910
0
0
940
341
3815
0
506
0
898
0
0
4183
0
912
0
341
1018
1018
2679
912
320
0
253
1840
253
98
253
1573
673
546
3546
361
0
1573
0
0
982
0
0
665
2155
0
0
3501
0
511
4828
1247
0
0
0
293
0
0
253
159
0
912
2712
0
898
1412
2601
600
2150
0
898
0
0
1931
0
402
1834
0
620
0
2155
0
99
0
0
2470
0
0
0
0
898
1451
898
738
0
0
0
0
0
2106
0
311
907
972
241
2041
1148
1412
1613
0
0
0
2155
0
738
1270
0
618
0
0
738
2799
2436
0
7144
0
907
2332
0
853
0
1793
0
853
4879
0
0
1454
0
518
4515
0
1646
1805
0
0
2610
1148
0
2605
0
0
0
1538
0
1805
3874
1630
0
0
0
8160
868
1613
0
3512
0
1442
0
0
1798
2641
618
0
804
0
2799
2641
2420
2470
402
3401
0
0
0
1464
6162
2746
2442
0
0
4340
0
0
0
2020
0
0
2811
2746
5067
2811
2811
0
0
3831
0
2746
2337
11387
10259
3135
6162
0
0
1148
0
6859
0
6004
0
0
0
5283
9414
2389
0
11108
184
0
4736
2625
561
0
2869
0
4507
1637
6693
0
4507
2
739
0
303
0
628
0
0
340
0
1105
1847
0
0
434
347
0
0
0
343
0
0
0
303
462
299
0
434
1359
548
0
0
724
462
0
1105
3478
592
434
907
0
0
0
0
1719
0
0
592
885
1527
0
0
303
0
2
0
0
0
161
0
0
0
0
0
708
99
462
3166
0
0
1719
0
0
941
0
1510
1510
0
1400
0
0
0
99
1491
721
1719
1719
0
303
0
1816
0
960
0
548
303
3370
0
347
0
299
721
1667
0
0
0
1718
347
0
0
0
474
2317
0
0
907
669
1851
0
0
0
0
0
1324
0
0
13
0
1851
5301
0
334
2200
0
2264
3227
2524
831
154
2027
0
0
1611
138
0
0
2481
1226
273
548
2200
2592
1463
2390
273
0
273
2657
190
0
0
3371
2592
2306
0
0
1835
0
0
0
1634
4235
1775
0
1760
925
4990
3235
3386
0
0
347
3333
3941
138
3931
2911
0
672
462
0
0
0
0
0
0
0
1272
0
0
0
2481
2839
154
1230
1611
672
0
0
1252
0
0
0
0
0
0
6111
1720
3915
0
0
8554
0
1838
0
2481
1349
0
3960
0
0
0
1720
2126
0
2402
0
1252
0
1272
1838
5655
0
4820
0
11395
4116
0
477
711
0
0
0
1760
0
0
1694
0
0
1611
0
2139
1474
0
0
347
0
5940
0
0
0
2814
3963
0
476
3734
5496
2892
672
1048
1349
0
0
1474
0
555
4820
0
0
0
1207
476
0
0
2087
0
5198
7046
0
0
555
0
0
0
5940
1207
5940
1611
0
7290
0
0
3198
0
0
0
0
3117
7891
0
6013
0
0
0
4820
2683
449
0
139
81
0
661
125
0
0
530
0
967
0
984
0
24
752
449
0
0
0
125
743
461
125
362
24
1548
752
401
0
527
649
1548
752
0
0
1330
0
1796
649
0
461
0
752
0
535
1690
0
2807
1265
0
2831
0
0
2051
0
4891
0
0
0
598
392
0
976
1967
1596
0
0
0
0
0
798
0
786
131
58
0
1330
886
546
0
0
0
0
0
1004
0
457
109
1739
0
0
0
0
0
0
3601
0
1967
0
0
0
109
0
1822
1644
3090
806
0
1689
0
0
0
4582
0
0
131
0
131
488
1567
0
0
0
0
0
401
0
0
0
0
0
3035
0
1689
5974
598
0
247
3837
457
0
0
3822
3453
0
0
90
0
0
247
0
1022
1783
0
401
0
0
1399
0
0
0
598
0
0
3302
0
0
0
3302
903
0
26
812
198
0
0
0
0
0
0
0
0
0
3265
312
0
8442
90
0
0
1547
0
0
0
2453
1607
722
1547
735
0
0
1579
449
7265
0
2563
527
0
0
0
0
1607
2563
0
5332
0
0
3927
0
0
0
0
0
0
3418
0
0
2951
0
922
922
3901
2472
4121
3549
2857
2472
4137
5881
0
10372
0
925
4469
0
903
0
0
0
449
0
0
3901
0
1303
1359
0
2158
2910
0
5083
0
1359
8972
0
0
0
4847
768
0
0
4137
4555
1689
0
0
4335
0
0
2093
0
956
0
0
0
3470
0
0
6827
0
0
2857
4130
0
131
0
4418
0
58
3129
0
0
0
7578
0
3268
0
492
1547
0
0
247
0
0
0
0
0
13209
0
0
0
0
5708
0
0
0
0
0
0
2592
2880
3712
12990
598
0
3754
3247
0
0
0
0
0
0
5382
0
0
2173
0
0
3270
0
2880
0
1479
964
0
481
0
0
0
0
795
0
408
481
0
0
695
1180
956
543
8
0
0
374
374
2800
0
973
611
0
88
619
0
0
1947
543
0
0
554
94
1180
0
0
481
543
1347
2544
0
3330
451
2108
1155
90
0
1190
0
0
0
0
543
0
0
0
0
0
710
638
0
0
0
0
483
1352
216
0
383
930
0
3330
0
1300
0
0
2714
2108
0
0
0
1564
324
0
1443
4631
1452
0
1113
0
0
541
543
1609
1300
3809
0
0
602
0
0
0
0
0
0
1155
0
0
0
0
0
375
481
0
0
451
0
4450
3511
0
314
94
0
0
0
0
1155
0
1454
1443
2028
3846
0
872
882
0
882
0
2232
0
0
0
0
0
1677
2103
4264
678
543
0
1564
882
1425
0
0
2590
66
0
0
0
0
0
1344
1222
4345
172
1454
0
0
0
0
5044
1181
216
374
0
216
470
2373
0
0
5449
0
0
873
0
873
0
8
1525
1525
172
0
0
0
4685
0
6127
0
270
4685
501
1531
0
1344
1672
0
0
0
4560
0
0
0
0
2373
1077
183
0
0
0
0
543
3227
2559
0
5971
6099
377
1425
0
0
2054
1767
1443
0
3388
0
5024
0
0
0
7277
0
2229
0
270
0
0
1563
0
1438
0
0
0
1767
2813
2813
0
0
543
2099
0
0
0
0
2229
0
0
0
0
5871
0
2066
0
2223
0
0
0
183
873
183
0
2066
216
0
0
6742
0
0
5255
0
1406
0
0
1563
216
1896
0
2001
685
0
4365
0
0
0
0
2453
0
6164
0
0
0
0
0
451
0
1105
0
501
0
0
5721
0
2608
1674
0
0
0
0
4345
1438
5811
0
216
6018
3077
0
0
0
852
0
0
7243
0
3388
873
0
0
3077
0
0
5663
1836
1674
0
0
2001
3388
1105
5809
350
90
501
5663
8668
0
7798
0
0
0
0
6811
216
0
0
7426
0
0
70
0
0
0
787
8
0
0
438
959
922
0
339
0
0
563
0
441
0
0
0
0
544
0
922
8
544
922
1053
1869
464
0
0
424
0
0
1284
838
454
0
549
1520
237
544
833
0
0
0
557
0
0
0
588
0
0
0
117
2773
0
760
482
0
3774
0
0
0
654
0
1351
265
8
2209
2727
0
599
641
0
1351
1307
0
833
0
799
0
0
0
3366
212
1685
2773
339
0
8066
3030
3366
0
0
1255
2003
212
408
2003
4276
3366
0
0
0
0
0
502
0
0
0
544
0
0
0
0
0
6586
0
589
1167
589
0
0
0
0
1351
1638
133
0
989
0
454
0
1524
0
0
0
0
0
0
6076
0
0
0
563
0
0
133
0
0
0
0
702
0
0
0
0
1083
5583
1255
3888
1534
0
3154
0
989
0
0
0
0
0
531
1195
0
0
318
246
0
0
0
0
0
0
9637
0
0
0
0
563
0
477
0
0
0
6569
281
0
2773
6569
2596
0
0
5643
0
0
0
1035
600
5643
0
0
0
0
0
600
0
1167
0
0
6821
104
1267
0
766
5564
527
5564
0
1620
3154
3252
0
725
1920
0
0
0
0
1524
730
0
117
0
1745
3091
0
2173
725
600
0
0
7642
281
0
1775
4013
0
10250
279
0
2093
1035
4230
7430
1524
0
1485
0
766
0
0
3511
1185
0
1920
0
7430
2091
589
7430
2753
0
0
1629
7335
766
2799
1638
0
0
1640
0
0
0
1649
1745
8787
0
730
0
1649
273
0
0
104
634
0
104
0
0
3185
2533
847
1185
4611
0
0
8787
5692
4041
2006
66
0
0
0
0
527
9245
2443
0
0
1953
3089
766
730
2543
1953
4041
10604
3504
0
0
174
2091
1340
0
117
0
402
2884
0
0
0
1920
11321
117
0
2131
0
0
9622
2867
7525
937
0
2443
0
0
0
0
105
0
0
3914
2173
0
11062
402
5327
0
11830
549
1753
0
0
0
1184
0
3661
0
0
9653
1707
273
1869
589
667
0
590
0
737
890
728
0
0
0
500
0
938
690
0
0
139
0
408
0
0
452
1935
1001
0
0
1566
0
714
0
0
0
1048
1532
0
320
888
2167
541
0
164
1541
1541
0
190
0
639
0
589
0
0
0
1186
4206
0
0
0
458
11
0
0
708
0
1048
1935
3303
1935
0
0
0
728
728
0
0
2600
3303
427
0
0
1373
0
0
0
0
0
11
0
0
0
1728
0
0
624
1440
0
671
0
2589
756
0
0
943
0
0
4690
861
0
1959
0
0
548
589
164
0
0
4
412
0
0
2123
0
0
0
671
1071
1595
2751
1071
204
3569
0
0
1506
2154
0
0
155
4040
956
3314
67
0
0
599
756
0
775
1542
599
3773
0
0
11
0
0
589
67
2363
2599
2599
0
0
3955
3569
1866
0
1190
0
1040
123
3192
0
0
548
0
0
427
2123
0
756
3195
0
0
861
0
1081
0
861
0
0
1229
0
2123
2123
0
772
2123
0
1921
4921
0
4145
0
4288
3307
3569
0
2071
508
0
1190
1186
2027
0
234
1016
3301
164
0
4921
5533
3192
2483
234
0
0
508
123
0
0
4210
0
4371
0
4210
0
0
0
0
0
3955
0
589
3569
1121
1542
0
0
6334
0
5900
0
1725
2018
0
0
0
0
0
427
0
0
0
427
39
481
3270
3444
0
4921
0
684
2483
0
9670
0
0
3718
5900
0
0
0
0
1519
5355
0
0
0
0
0
1921
0
0
0
508
10375
4522
1960
4020
4601
6138
1921
0
1853
0
761
0
4050
103
0
0
0
0
1229
643
614
1115
1960
0
0
4745
1115
4745
0
0
0
0
3691
0
3301
0
0
0
0
0
3691
6739
643
0
0
0
5461
4299
0
0
0
0
0
0
548
2258
5407
0
1621
0
0
0
0
2027
5407
0
0
3720
0
481
0
0
4050
1921
3720
6478
1547
0
0
0
2027
103
0
493
3762
1186
2221
0
0
0
0
0
1414
3018
0
0
5907
2934
0
0
0
1186
7088
0
0
1189
0
1752
0
7083
1552
1901
0
0
2387
0
103
0
0
0
643
3866
4467
4366
460
761
0
0
1189
0
0
0
4467
3762
0
0
0
0
0
683
0
694
465
0
401
0
0
978
874
103
0
180
0
683
0
0
0
0
0
989
0
1146
0
939
2673
69
0
0
0
0
0
0
683
1719
1719
0
646
1664
0
0
0
562
0
1135
0
1908
1344
0
978
127
0
127
0
0
0
77
538
0
31
1176
0
0
180
1507
179
1582
0
2032
0
326
0
1394
695
386
0
0
939
0
0
0
1463
0
0
620
0
0
0
0
977
0
0
0
562
1659
3447
1529
575
0
1529
1172
3447
620
939
0
180
0
127
0
177
1972
2032
0
243
0
939
695
0
0
0
1562
1463
3485
179
0
0
0
0
853
789
0
0
0
2252
694
0
0
2252
0
1562
873
0
0
0
0
1010
910
0
0
4246
0
2773
0
853
0
853
0
683
0
0
0
2075
2973
0
1358
0
4779
4383
71
0
3215
0
103
1356
0
0
54
3144
0
5528
3693
0
0
2973
0
0
853
2151
2075
0
0
0
3425
0
4762
989
2943
4423
1033
6753
4161
0
2475
0
0
960
0
939
0
6189
0
0
0
1635
6755
620
0
0
0
0
0
0
259
6851
0
2123
686
0
0
0
0
1635
3782
0
0
129
1634
3374
0
2189
2235
0
1533
6755
0
2773
0
5050
0
686
7185
570
0
0
0
0
0
1394
1018
0
356
1673
620
0
0
0
1788
0
5765
0
4001
0
2387
0
8429
1018
0
0
2072
4089
0
3448
0
2511
2617
0
0
0
0
620
3996
0
1018
8729
1360
0
0
4135
0
0
0
1416
0
5098
0
33
4751
0
3969
4001
0
0
0
0
2248
1678
2010
0
3914
0
0
0
769
0
3886
4089
0
0
2855
6295
179
0
2072
0
0
1521
4619
0
0
7215
0
0
0
7215
0
0
2321
620
2107
722
3459
3001
397
4618
0
0
4172
651
397
0
0
1521
0
2096
5123
3654
4355
8630
0
0
0
0
1338
3571
6737
179
0
0
0
0
0
1551
651
0
0
0
2587
0
0
5057
0
10203
8889
0
8268
0
0
2587
0
0
0
10203
0
5051
384
0
798
0
0
2321
3450
0
0
384
5314
0
0
0
0
597
0
0
0
3450
1895
3317
3317
2038
3571
0
3665
0
4620
0
0
0
0
3893
722
6581
0
0
0
620
8347
3665
0
2720
1183
0
1513
1513
1513
0
1565
1745
999
1745
256
1749
0
2212
2212
2212
610
2212
2212
2479
2479
2479
2731
0
3676
3676
3676
0
3110
2930
3624
0
5077
5077
461
5757
4447
6444
6444
6444
1462
6444
6444
0
4961
7196
0
2638
7196
7196
0
4267
0
8185
8185
8185
8185
8433
4986
0
8980
5420
9038
9038
9038
9038
994
499
5044
0
0
9038
181
9894
0
723
9894
980
20
9894
9894
9894
9894
9894
9894
2566
221
10614
9353
7054
10614
5633
1710
0
12373
12373
12373
0
7033
12961
14488
14898
598
14898
7050
0
0
0
7
745
14898
0
0
11037
16639
17564
719
0
854
17564
17564
18548
11093
19822
0
19822
4187
20092
0
0
22064
405
16192
22596
23336
11936
862
24305
555
24305
562
24305
655
8063
479
4927
24305
24305
24305
24434
24434
24434
0
24434
0
24434
24434
24434
0
24956
8192
0
448
24956
706
11944
25909
0
4848
25909
25909
26905
26905
27006
27006
398
4848
27505
0
28523
28523
305
28825
28825
28825
0
0
28825
28825
28825
28825
28825
28825
26922
31278
31955
32267
4168
7640
0
0
936
0
21009
33368
0
33368
0
34264
34264
0
34681
461
0
35725
798
0
36124
0
36124
36124
31247
36124
0
110
36124
533
0
36789
36925
0
36925
36925
36925
13517
36925
7079
18167
0
671
36925
36925
0
991
0
0
13517
103
37729
37729
894
39245
39245
0
39664
39664
677
14042
40335
20780
0
0
40335
40335
40335
40335
491
40688
42645
43000
43424
43424
0
42617
211
43424
15609
44266
44266
0
15609
776
0
0
0
0
9688
468
48401
11150
0
999
49050
824
49918
49918
269
243
0
49918
0
51284
49939
51623
0
314
52345
0
52345
754
52345
10636
52345
52345
0
52345
52345
53347
53347
0
53347
53347
53347
53347
53770
53770
43763
673
0
54593
18139
0
429
54593
54593
0
55104
0
0
0
55104
10695
914
49005
32597
55242
23552
555
0
56055
862
56123
56123
402
0
13008
56123
56123
56123
56123
0
0
56940
0
56940
56940
0
0
431
56940
56940
56940
0
56940
56940
56940
57684
27211
874
57684
57684
59349
14158
59914
52750
30352
61304
457
798
485
860
7655
0
0
62730
0
63319
56795
0
63429
0
64377
65704
0
65704
65704
65704
12743
65745
67063
67063
0
67063
67063
19339
61978
69176
69176
0
70108
70108
71025
0
570
71025
71991
71991
232
0
745
47970
0
58068
72595
683
72595
2719
72595
0
72595
72595
19738
979
716
72595
72595
0
73541
954
816
58879
74183
225
368
74184
0
74184
166
74184
38337
74184
0
60210
74922
0
20420
226
75827
948
76048
76048
76048
287
561
0
0
76459
76459
76459
76459
76459
24
76459
46136
76459
0
76930
76930
996
76971
76971
76971
76971
0
76971
0
76971
76971
77500
696
77500
0
77500
77500
942
61343
78485
78485
78485
78553
78553
77461
0
78553
0
0
78553
78553
0
78790
78790
0
888
80405
80405
80405
80488
516
0
0
0
0
515
30769
81915
82390
83265
526
82090
83265
83265
0
83265
83265
330
84129
0
84129
279
84129
68214
84276
22970
84901
85363
98
0
34841
87021
32258
87257
63474
87257
87406
87406
0
87406
33
751
87800
85513
89065
89065
89065
0
0
89065
89065
89065
89355
89483
7659
0
89483
0
0
12062
90429
90572
256
90572
90572
843
379
989
0
0
0
93036
93403
958
524
93403
94058
94058
94058
0
94224
94224
0
13032
94224
94224
95006
890
272
962
95266
95979
0
97076
97826
97826
97826
773
97826
97826
0
97826
97826
71917
98069
0
0
622
98069
98069
98548
52386
99755
861
99755
20100
99755
365
21838
100363
100363
100592
101570
280
101570
101570
0
102437
68010
721
103773
103773
75631
103773
0
0
103773
103773
0
0
104156
104156
104472
0
0
104472
104472
53323
104472
5830
105456
0
105456
446
105456
105456
105456
859
0
812
0
23270
8126
106427
106427
106427
106427
20100
0
0
0
13223
106427
106427
0
0
106427
106427
47841
106427
107413
72214
0
665
107413
107413
0
64092
733
109982
83791
343
109982
109982
991
31850
59
111197
6420
0
102159
46862
112120
66529
79302
0
98180
0
978
994
113340
113340
0
51381
113340
0
113340
113340
930
0
865
19834
113907
113907
86560
307
113997
738
8359
114128
100162
114128
114818
114818
114818
114818
116092
13872
116887
655
23909
0
118594
0
119484
0
120095
120095
120095
619
120095
120175
857
12454
634
0
120435
120435
120435
55967
677
120817
0
99342
0
121030
36876
121030
121030
121030
0
0
121310
121392
121967
121967
0
0
981
121967
121967
0
105822
0
0
122296
122296
122296
31071
122299
122299
9629
123832
67333
124582
124582
0
0
0
125169
125169
490
343
69140
41518
126505
0
126505
126845
18548
0
127642
127642
127642
127642
127642
0
0
127642
506
127642
116890
127642
127642
962
921
128246
129234
129234
129234
129234
0
129281
0
0
129281
49728
130087
130087
0
0
130343
0
130343
42416
130575
112010
130575
0
0
44263
992
131038
614
131059
131730
0
132578
0
6095
135451
0
135451
89638
0
813
136351
282
136611
0
134018
23225
103856
51716
72703
138652
36020
23491
139679
139679
0
903
0
139679
0
789
140902
140902
0
140963
140963
23727
140963
140963
140963
140963
0
140963
141753
0
142045
142441
143517
144183
144183
0
116931
0
144183
0
83718
0
147363
147363
105463
148097
148097
148097
148097
148097
148949
148949
148949
329
149933
149933
149933
150891
150891
0
150891
150891
31040
60062
0
0
471
0
151081
151081
151081
151081
899
140116
151081
151081
7357
0
0
153989
0
155918
0
155918
157345
157345
157345
0
157345
157345
157345
157598
29765
80599
104103
157946
0
158794
0
158794
158989
17548
597
0
158989
48289
0
159033
159033
159335
159335
0
159631
744
965
160366
884
160366
161001
0
162208
63946
162208
57129
162998
162998
162998
0
0
0
0
163344
163344
801
0
163344
0
32694
0
57917
70552
487
975
163344
163344
14
164250
164250
76315
164456
0
0
888
917
164747
164747
57
531
165397
0
130837
165397
165397
0
165397
165397
165397
165397
165397
165397
165397
162462
166687
103314
166687
167245
167245
42947
167553
17469
168515
168515
103
383
0
168515
168930
168930
169392
169392
75704
149457
76069
169835
949
170635
170635
980
170635
81481
0
0
170635
0
170635
0
911
0
170883
782
17960
171526
171526
994
0
171526
0
171526
171934
171934
0
0
172426
0
172426
0
172426
0
0
172426
172426
172914
173630
0
854
0
175619
98819
175619
659
176517
94028
143460
176517
0
176517
96986
176517
176517
176517
221
84375
8219
176517
0
177059
178183
0
0
756
852
181341
181341
181942
182054
438
183436
183436
183436
210
0
183436
809
183436
183308
183779
69
183779
184435
0
184435
19376
750
15553
701
313
185030
185030
185030
185030
185030
185030
185151
186608
186608
186608
631
187947
189475
189475
32
190958
190958
0
190958
190958
190958
956
190958
31803
160
118596
191832
242
0
192790
1206
192790
192790
0
192790
192790
192790
192662
192790
0
192790
192790
0
257
0
87367
433
192790
340
193311
66103
159146
192815
195214
195214
195666
0
196594
196594
196594
196594
0
143346
196594
0
197379
198014
198014
198014
198014
198014
198014
198014
198014
276
198941
107
0
199346
199346
199346
200093
923
201206
140372
0
201206
68676
201818
806
196350
913
0
203261
203261
203261
203261
489
204153
1874
0
204153
204153
204153
0
0
0
206088
206088
206088
206088
208124
208124
208360
208360
84
208360
208360
208360
208360
209111
209111
209111
209111
81523
209111
0
210744
211333
211333
725
211333
39299
0
211745
211745
0
110
0
76319
805
99349
40389
0
103158
0
130734
214189
0
0
0
0
0
216889
217315
218688
218688
218960
0
786
497
220350
220350
110
220350
220350
220545
220545
221026
0
221954
908
222034
222034
80023
222991
222991
223735
224533
224533
53327
225835
0
225835
0
225835
225835
226654
226654
226654
0
0
26442
0
615
0
228788
37227
229810
229810
229810
789
231672
231672
0
186206
231672
300
232196
232196
827
232196
598
482
232196
232929
232929
241
892
232929
29
120508
142
454
142
0
233705
233726
0
109185
233952
0
97920
234107
234233
0
229341
234653
396
234653
234653
234653
234653
235627
237784
238302
962
238302
238302
0
238302
76998
238302
890
238302
943
112632
238302
238302
238302
0
0
238302
238302
83894
238302
238302
0
238302
209525
229487
21654
238932
238932
0
683
0
0
238932
240135
240800
240800
0
241093
0
241607
241607
196376
241607
0
241607
241607
0
243136
0
976
68734
44
244363
244363
0
244363
244363
130345
0
244933
132221
244933
244933
245764
16331
753
245764
245764
245764
246677
246677
247622
240051
0
247622
0
558
248602
0
248602
0
249007
249007
249007
249007
0
249787
249787
250249
250249
60839
250249
122509
251630
0
251630
251630
0
252090
0
202655
904
0
18107
253655
990
253655
93859
0
70748
434
253655
870
253655
0
80693
255316
43671
148963
255541
0
255541
156342
256731
256731
1944
407
257350
192862
0
257350
159617
127
257350
257350
257350
257350
181813
257350
257647
0
0
615
258230
60873
315
8727
0
258775
258775
259485
259485
259485
259485
259485
207695
20851
259485
0
81596
259485
0
73861
259485
840
260427
388
0
809
134203
0
260885
260885
260885
260885
95621
234710
261197
261197
94598
0
53845
0
612
0
261881
0
166
262764
0
262764
262764
262764
262764
262764
0
262764
262764
0
459
262908
208371
263209
263209
263209
0
0
139096
65581
263209
0
263543
263543
263543
263730
981
263730
121812
750
263832
0
0
264177
0
20902
265097
206
265097
99150
363
265197
265681
267087
965
204227
268400
656
268400
0
269318
269318
269318
270104
271172
0
271172
0
0
0
0
0
274000
164807
274993
324
260736
274993
0
59297
21688
252611
276432
276432
168127
276432
276432
276432
277186
68274
278747
278747
278747
278747
278747
0
990
0
122914
900
224943
279300
518
279300
96686
99899
280004
280004
0
753
280108
280108
280108
38696
46423
68978
0
91484
59012
45357
0
280248
280248
0
0
648
0
281058
281058
281058
729
281352
133
0
0
281352
281765
282756
0
0
947
282756
282756
0
283101
0
0
188286
948
284004
49
284004
244150
284004
284363
284363
284363
0
265500
0
284363
284363
883
284423
284423
284423
835
289
284549
241354
284549
284651
284651
286804
286804
286848
286848
997
286848
286848
268
288411
0
117724
288411
956
248
289307
256394
289307
289307
289791
289791
289791
289791
467
0
0
291056
261330
626
947
291064
291064
994
291064
36275
0
291792
291792
292613
582
287195
898
293415
0
76251
0
336
0
293415
293793
0
99355
296157
296157
296157
738
296898
0
740
0
99494
910
301418
301796
286377
301796
253228
0
301796
301796
302785
0
303522
303522
303522
306130
306130
306130
306146
0
0
306295
306295
0
306680
236844
307110
0
49
418
0
307110
19563
71495
308082
309074
309074
309768
310543
310543
536
310543
311438
556
311438
311438
311438
311438
205390
26360
274900
591
132
311438
312193
312193
334
313172
0
313172
68982
237
897
0
313172
313172
68982
920
313446
313446
313446
313446
313446
313446
313446
313446
990
0
277120
313446
708
313446
313446
313485
313485
313485
124430
313590
313717
313717
13356
313957
314048
53092
244
352
315046
263709
315938
316882
0
883
319496
319496
319496
0
320243
224530
238308
320243
320878
320878
320878
0
320878
0
0
298
0
322648
322678
0
322678
322678
0
0
323603
285587
121812
0
65746
324905
324905
0
324905
324905
52432
0
0
185099
153
0
0
1570
717
0
0
324905
324905
324905
67847
204497
324905
324905
167456
221392
325698
325698
326260
0
327856
327856
0
29011
997
329133
330143
330143
359
0
486
330143
330143
330143
0
0
815
82624
0
330265
0
823
0
231028
331178
79319
331985
331985
0
331985
331985
0
332507
332507
265686
803
333086
333086
0
0
333134
333134
201581
0
0
37028
0
333945
333945
334394
334394
334394
12035
949
334946
336142
336142
620
336441
0
0
0
856
325979
133
337496
337496
337496
0
0
337496
0
768
337496
618
100281
0
338681
3110
0
0
340245
232094
688
340245
158964
77073
0
341183
341183
867
811
914
0
608
269406
341183
343253
343253
343253
343253
343980
0
344799
345287
345287
345287
0
0
345287
345535
345535
345535
708
947
347140
145749
347140
155
347336
347336
0
193067
347336
61002
348137
348137
348137
0
348137
647
348137
0
0
0
348137
348137
348462
0
348462
26577
348549
348549
348549
348652
348652
117713
122189
349960
349960
347583
443
349960
60915
350848
609
350848
350848
351445
351445
748
351445
351445
351445
351445
351445
133
0
351805
351805
259846
351805
736
352523
352523
0
352523
352523
951
36116
351451
0
891
0
280077
354004
0
415
354004
354004
354004
354974
0
355780
0
355780
0
197832
356575
747
356575
356575
0
597
0
922
358321
457
0
68638
358443
358443
104050
186749
358443
0
359226
28577
314562
359226
359226
359226
359226
359604
359604
0
360184
0
181837
11087
0
955
360490
0
0
72100
118
360490
0
235177
361080
253017
361080
35108
0
361080
193909
267
361080
361080
361955
0
361955
99769
361011
813
362162
247844
362162
362162
0
424
365443
365443
365443
365443
365443
0
0
365443
365443
0
0
365443
366056
0
233682
366056
366056
622
0
366056
366056
981
256948
0
234995
366312
366312
0
0
0
0
205357
0
368832
368832
0
368832
368832
368832
0
368832
368832
192
0
356
815
0
371701
371701
371701
807
179
143719
0
371701
71091
301235
375824
241116
375824
375824
375824
375824
0
375824
198362
375824
212713
376043
222257
376918
181549
496
235310
377097
377097
0
377102
158684
286729
377970
0
377970
375521
377970
0
70027
377970
350984
274183
377970
994
378608
0
85706
0
0
285531
379957
0
821
214426
380761
38000
141555
234447
712
382061
382427
888
0
49230
0
382751
382751
383090
228487
383090
0
0
0
811
383849
754
0
982
383849
0
257319
365456
13602
0
384334
0
360595
385684
0
385684
296178
385684
385684
386695
386695
387552
387552
158495
387552
721
389781
799
390034
930
391271
0
36076
70755
391271
391271
0
391271
391271
477
0
392421
393004
386054
394215
394394
394567
394567
331814
394567
394567
51584
914
0
421
0
0
394913
394913
394913
0
395624
395624
153489
110128
321314
395624
395624
0
0
395624
395624
395624
395624
395624
395624
396556
0
0
396556
0
396556
0
0
396812
396812
396812
396812
396812
396812
397273
820
397743
336
398100
955
0
188507
195302
0
724
790
382445
855
400090
373
0
400789
828
243
402928
184
0
403602
403602
40789
404168
309876
0
352350
103902
123265
311739
312
758
288821
518
405829
406870
210893
599
406870
0
406870
407772
407772
820
407772
0
407772
0
407772
407772
0
407772
0
407772
407772
293295
43078
0
474
407889
0
0
352950
410126
410126
410260
233909
295794
410260
0
0
410260
410260
411427
0
411427
411427
411598
941
0
215725
407563
411598
241
411598
411598
412186
0
412186
0
244546
334724
912
412186
0
412186
0
412820
413417
414283
734
414646
199492
202
0
415809
415936
416726
416726
416726
947
417024
417024
417563
0
180
0
0
417563
0
0
215534
419219
0
419219
419219
0
222669
300630
0
420092
420180
0
420180
0
89
420180
0
256140
0
420180
0
420180
385566
128717
193207
420838
420838
420838
26510
0
0
420838
994
420838
0
56
421545
422943
423376
199941
423376
0
424443
424443
750
958
425131
425131
425131
0
425131
338928
317
425131
0
0
76929
156473
650
834
15535
251708
425644
425644
771
324
0
425644
425644
426485
178805
426485
0
91485
405778
426785
0
426785
0
426785
426785
426785
426785
426785
426785
426917
871
0
427298
427298
212
427298
247486
744
749
428803
228099
429773
186959
429958
0
0
429958
315716
387270
714
0
157368
917
430771
431126
431126
0
0
0
432123
0
432123
0
432123
433002
0
433002
433002
434582
434582
245764
204234
230195
0
434582
434582
946
65186
336346
434582
434582
434582
434582
741
434582
0
82422
0
319328
435849
111339
0
0
209539
81638
423657
438735
438735
331714
0
438735
438735
0
37776
309904
439364
439364
786
439928
367027
440560
440560
0
0
440560
12959
407353
440560
440560
441088
233308
441088
441885
442911
442911
442911
0
0
443766
443766
340454
443766
443766
182733
392999
444526
0
444526
444526
444526
0
0
446345
446345
446345
446380
0
446570
342475
0
384902
194146
533
447803
447803
448120
626
14764
448307
448307
448307
0
448307
448307
448307
0
448307
448307
0
448514
0
448514
848
448514
0
448514
448612
448954
0
553
449317
449317
127255
841
0
317278
450402
450402
0
939
925
844
453121
453163
423159
402
453701
453701
748
0
453861
454623
294977
454623
355253
454808
454808
833
0
65374
429126
456144
456144
456144
0
900
457322
0
457322
457322
0
457322
457322
229093
457322
536
457322
457322
457322
82282
457322
457322
457322
457322
350529
0
458066
458957
458957
458957
0
460670
444206
514
460670
460670
0
460670
460670
460670
0
460764
460764
460764
0
461220
461220
0
0
310567
34797
185962
461829
0
37860
0
461829
461829
738
996
461829
461829
0
0
0
464363
464363
122173
1401
83784
0
465485
0
233825
466528
221109
101662
466991
466991
236138
466991
466991
466991
466991
825
0
0
981
467483
468187
468187
468187
108232
468187
0
0
468187
402930
468453
468453
0
452399
469686
469701
469701
469701
470097
470097
470097
0
89097
147336
58894
729
470929
886
22160
341
471120
832
375238
779
471414
0
471414
177926
471414
471414
0
471414
471414
471414
471669
337971
471669
471669
371344
0
471878
0
471878
471878
471878
472834
472834
873
0
472835
0
472835
472835
0
474698
47264
475507
475507
357560
0
475507
0
0
476298
302056
841
478046
478046
478863
478863
478899
478899
202979
0
479855
479855
479855
479855
698
479855
479855
479855
479855
479855
0
303
481405
481405
0
481405
481405
0
257
154464
481405
254939
0
0
56474
483069
0
16
803
483069
119505
485719
219477
224264
979
486539
574
0
487396
0
0
114201
981
487396
488137
488137
488137
488274
488924
488924
488924
387229
489558
0
490922
627
368
490922
293243
491698
491698
491698
330451
491698
0
0
492953
0
494244
494727
857
733
284684
0
239
2746
45
494895
494895
494895
0
494895
29
0
962
494895
495625
495625
495625
495673
495673
0
110
0
637
496693
496925
931
496925
142
496925
39235
0
496925
496925
497618
497618
249288
193
315943
220104
497618
0
636
498491
498491
499114
416
478
499961
60
0
499961
602
500400
45575
0
353006
500400
939
0
287642
3
330332
728
446181
501555
501555
840
546
501555
501555
0
501555
501555
501555
0
444170
711
501555
501555
501555
502323
502323
502323
0
31534
0
502434
499
354569
502434
502434
502434
503151
426056
0
503764
0
127
503764
503764
440
503764
99672
963
503764
503764
503764
503764
185927
503764
147250
0
504361
453582
0
213175
505131
505131
0
505131
0
506134
506880
506880
0
506880
507184
0
0
0
510377
510377
510377
510377
510377
510377
0
510377
404
510377
510377
0
511005
0
511710
512326
0
0
0
183
0
513103
263
866
0
513357
514349
515095
515095
516043
411255
510557
159665
0
0
0
0
634
394052
47812
517930
798
60516
753
308037
519558
328870
249311
0
908
520347
37712
522702
524500
524500
524500
524500
76243
488
0
364564
0
676
525624
284
526400
162707
526400
526400
526400
526467
526893
422
234476
526893
526893
502796
874
526893
0
526893
0
526893
469307
725
527402
527402
527402
527402
0
528843
467
528843
529181
529181
978
0
529181
529181
195686
530130
357637
530947
530947
370034
530947
531188
531188
0
532079
415613
14151
285
533059
533059
533059
0
0
534209
0
534209
534209
723
534209
758
0
534209
0
0
534209
497601
0
534794
534794
0
283330
806
534794
534794
534794
0
431445
535882
535882
536271
0
308
218
536271
0
537666
358700
501
537666
0
0
537666
207410
171466
482628
538024
429134
538024
538146
538146
538146
539
538330
0
238843
785
538330
0
538330
538330
538330
538330
538330
538330
0
538330
538365
0
0
0
883
481981
538365
987
540085
70597
0
536
540085
562
497982
540607
540607
461647
540607
0
823
540825
540825
322
540825
126320
129376
827
540908
540908
540908
540908
0
0
904
542674
542674
206790
457103
542674
542674
542674
113
543384
512495
544232
544232
544232
684
544232
544625
0
544625
0
1323
966
544625
544625
544625
545554
546175
546175
546175
0
855
546175
103530
546175
421784
125097
547619
547619
0
547619
684
547876
863
547876
0
274120
547876
0
261
0
549266
407
106
550705
864
550705
551685
551685
333
214163
0
552869
552869
0
552869
552869
552869
553591
553695
876
272310
553695
956
938
0
0
554441
554441
556005
818
0
0
556354
0
0
0
973
90
556354
556354
363433
556948
263720
945
557854
449194
557854
638
0
558140
558140
558140
558140
558285
257045
221398
425049
830
0
0
496169
560277
560277
121770
292352
317975
546
480
563294
563369
563369
669
0
0
108387
929
564137
957
564137
565135
0
314963
613
566020
566020
566020
0
0
567034
540
567034
567034
398155
49682
31736
568973
281
569669
929
0
570799
571547
15566
0
571547
572035
535944
572386
572386
572386
572386
572386
0
0
0
573545
573545
368883
573923
0
0
159837
281414
0
573923
395609
0
0
75076
61656
130222
43944
569842
0
575908
576558
523
576558
0
0
0
577595
2543
187927
578665
578665
578665
579182
0
0
579182
579182
0
580507
580507
913
580507
580507
580507
581099
581099
107868
581099
0
581099
0
581099
581099
581099
147099
0
583135
0
583135
913
583135
354
788
0
378871
583914
0
583914
584565
584565
584951
585623
867
586568
586568
0
0
588737
588737
445619
0
243678
0
0
579326
82911
511
589840
214
589840
590864
531526
744
0
592157
592329
592329
592329
0
592329
0
14217
489577
0
0
593591
0
593826
0
0
448269
593826
593826
0
48994
593826
382160
594439
594439
594439
0
52268
0
0
257190
955
595346
347896
595532
111733
84596
596221
0
0
523372
338959
596221
0
596221
74524
0
596221
596666
596666
596666
596666
596666
330249
597056
438472
216585
287223
561
597717
0
0
112157
0
597717
197778
597921
599465
600205
600205
0
0
601865
601865
601865
602507
603371
144366
604260
604260
988
605179
605179
326426
605209
605227
605227
605227
380765
0
605424
605537
605537
605537
0
82
0
605537
605537
605537
3
159102
164143
606404
606404
0
235
0
607229
607229
0
788
0
0
608427
608427
589
220194
608427
0
501508
611271
611271
0
392
612070
0
613512
817
0
385165
437577
614425
614425
529444
0
934
969
126736
614977
616499
0
616499
0
216
0
593
617436
617436
0
618315
0
0
618315
618315
0
472184
618983
618983
2545
618983
618983
880
888
618983
75080
619771
619771
93
619771
0
620288
620519
171330
620519
620519
620519
528943
620704
620802
620802
802
35
623115
623115
0
718
624332
624856
0
561405
343
66
0
625560
0
626536
626536
626536
626909
628441
628441
628441
628441
0
0
808
0
629902
0
669
329693
630774
630774
630774
0
630913
631373
631373
631516
631516
60133
632303
0
317
0
189862
0
259023
635569
0
127897
0
22007
403864
636518
0
0
457
639275
639275
0
639275
0
639275
639372
640258
463021
0
196
640443
299423
94214
640443
640443
866
0
640449
548
640449
0
640449
640449
532915
641073
0
641073
641073
487301
0
0
0
642397
451
126
642397
0
645012
277281
646006
0
646006
646006
301649
646861
0
646861
648032
648582
0
649478
649478
75445
649478
649478
649478
345019
0
115123
649478
649478
649478
649478
364804
649478
650622
167886
650622
650622
650622
0
0
650622
650622
650622
923
651504
136447
651504
652069
652819
652819
854
652819
689
306139
652879
652879
653364
653364
653364
654187
258953
344
654187
654187
654187
691
341232
0
126534
656052
656052
656052
0
831
530
656052
248852
301846
782
481669
656052
656052
656052
656052
656832
656832
385928
656832
656832
657819
280
344
658563
658563
999
658563
658563
0
814
0
658873
0
659600
659600
659600
659631
814
1468
661204
661204
661204
9
661204
79036
661204
661204
0
661204
961
765
662212
152
662212
12
662212
662212
93
0
662212
246
0
358
662332
0
662332
166562
662983
663563
0
663563
663563
663563
664490
665360
757
665360
0
567
665360
471743
967
591028
582376
665495
665495
0
665817
137197
258216
666394
342307
709
973
0
667235
0
668712
0
284256
668755
668755
669650
669650
333
669650
122812
306198
669650
669650
669650
0
669650
75123
670005
437669
958
0
642309
672999
673910
9567
673910
0
674604
0
0
205
676295
676295
676295
676295
0
676295
0
676295
676967
676967
677549
677549
677549
144431
677549
677549
677549
10117
0
677549
0
0
0
678292
678292
678292
589656
335605
679116
679611
680372
0
680372
680372
680372
0
681482
0
681482
681482
606816
505940
714
270633
0
119279
682708
676917
0
178933
0
683195
0
683195
683993
254008
685755
685988
685988
560916
828
685988
443230
312
0
687473
687473
356897
518
687473
0
687473
475
687473
685
687473
0
687657
0
0
427
688568
688568
688568
689133
0
852
608369
690318
690318
690318
691031
407
319249
691031
691208
691208
825
691208
691208
0
383288
691418
15673
932
896
0
545
0
691697
691697
691697
691697
691697
691697
163132
691697
0
439
0
692089
692466
0
514335
81018
0
334715
0
693159
350433
897
693159
694
693446
693446
111415
0
693446
0
734
395
886
733
518269
695918
695918
0
207398
580236
865
697065
697065
824
698043
698050
0
698661
698661
0
646986
620918
738
262
700627
521159
700627
700627
0
700627
0
420705
701373
701373
701373
701373
701373
485797
701373
164470
701373
573148
351
86
701373
506054
701373
701373
824
929
589984
371629
0
702783
702783
703698
0
446987
704128
705
0
704128
415012
704264
704264
0
704302
949
704302
704302
0
704302
704302
704302
704302
0
127349
704303
705263
803
0
0
594543
705547
0
80584
705547
623466
705661
84749
705661
0
701945
705661
705661
401301
706006
650414
0
475312
0
706358
706358
0
304945
706358
706358
706358
706358
706358
706849
707522
600
0
708135
0
708941
0
708941
708941
709919
709919
0
710370
710370
710370
710370
710583
711462
711462
0
711462
0
0
550
711462
0
711462
711462
16
575565
798
0
268045
845
713736
0
713736
713736
907
713736
555
618080
673669
714353
714353
464455
715215
715215
715215
566997
0
715462
593041
856
473
716229
0
0
0
0
716300
0
716300
716477
716477
716477
417167
672
0
173421
0
718168
520
718168
718168
776
718168
0
173155
718168
718168
567666
718969
0
718969
718969
719653
0
719653
719653
719908
719908
171
0
847
0
670996
719908
719908
719908
311989
607992
720275
720275
720275
0
720275
0
791
720275
720275
0
720275
720275
720477
720477
323
720477
720477
431275
0
0
0
720877
493
721871
0
102813
252682
24217
724342
725093
524204
726122
726122
0
726643
0
712
0
0
726643
369151
726643
726643
237416
726643
332409
296632
0
726772
0
726772
727719
728018
728018
728018
728018
183322
728047
728047
728047
351172
728401
728401
728401
728401
728401
0
567488
890
0
728666
696
219818
728686
714013
656114
0
728686
728811
728906
475
0
640
728906
0
730351
454978
187203
731086
731086
891
731086
0
732078
732078
732078
403917
0
557
732460
0
148613
425004
0
733511
750
733511
453550
734961
734961
734961
734961
734961
734961
989
949
735886
735886
735886
748
152827
735923
735923
317386
18994
736808
187876
295274
364569
737343
49373
698106
966
737437
738963
195371
262516
594712
739810
0
740958
740958
740958
0
0
969
740958
740958
0
740958
969
740958
0
741269
742293
659504
742380
742380
743010
234117
743010
743010
743010
0
909
470553
743010
0
837
486124
448718
980
589732
745542
0
746494
746494
0
746494
1537
746494
0
747230
747230
747230
532355
747230
531
747230
747378
747510
747923
0
0
0
747923
388014
297498
748137
748137
667864
748886
0
748886
749362
749362
749869
749869
749869
749869
146
749869
749869
326014
50620
655771
749869
235
749869
750388
751476
161639
0
752408
0
283852
0
0
0
752595
6
0
489
0
752595
752595
753415
0
792
793
755956
650841
755956
755956
756700
451093
756700
0
0
756700
0
717
707859
70198
669533
205
757095
757095
1698
757324
972
757324
757324
347
572824
758668
891
775
0
0
758703
758703
758703
758813
0
760150
21305
477841
760317
731
0
760317
761237
0
761237
242424
501
761237
761237
0
632102
761656
762065
347993
0
763567
418
763567
764783
764783
0
740
0
137079
0
765986
927
765986
134
0
765986
626
765986
378
374266
765986
765986
766713
766713
0
767175
428375
767175
167037
767175
767175
767175
0
654399
767175
0
767175
767678
137810
767678
767754
109226
767831
0
770761
770761
0
770761
227
0
0
771663
396173
771663
0
772816
730932
0
772816
572066
773147
206
53083
0
773174
773174
773174
773174
836
743255
47863
627817
0
449473
773627
773627
773627
972
773627
974
773776
773776
773776
773776
77773
0
953
774401
774401
774992
393475
231
430385
776476
658889
776476
776476
0
776476
776476
776476
776476
117186
777312
778237
778237
778237
778237
315
778807
778807
778807
778807
0
683644
524
634666
779130
156072
779550
70492
0
0
684
780415
780415
0
780415
780415
0
780415
0
0
781714
0
616800
781714
0
781714
781714
781714
489599
905
781714
781714
781714
781714
781714
781714
781714
781714
240393
781714
781714
0
432
622020
34338
89685
0
335
0
175743
0
783224
608
783480
0
997
425
783480
216416
783480
886
784240
748930
334752
784240
992
784240
0
784240
784240
0
784974
596054
785504
0
785504
785504
786212
367834
583328
0
0
786576
672356
29317
787584
0
787874
19
788453
0
372
0
0
788665
724923
788665
788665
788665
788665
631
789484
789484
0
790878
0
790878
0
687515
