16.36175923
2.585690021
1.659803371
-19.70256791
0.159902318
4.848143462
4.486160257
32.19055116
1.307720869
2.002136462
-0.4882035083
5.99382707
3.811313188
2.110298574
0.6340594873
1.148526513
0.6957864396
14.08237122
-1.474297673
111.4546382
1.533211613
7.584531847
1.355693848
-1.872922816
0.2758394067
1.016228605
1.412237866
9.915360223
1.170925705
0.7570871751
1.25077025
-22.96054436
1.746013668
7.665464239
-0.5670538791
1.873995248
0.927405913
-4.959971849
3.422677012
0.5249539096
1.284249174
2.853205178
2.767554263
-18.05207494
0.4785112922
0.7874337599
0.7724149445
2.483406863
1.950978719
0.8640717282
3.173900379
0.7159075609
9.555639344
17.53196211
-0.4990451941
5.254266115
0.246591624
0.4976458453
0.3787520212
-9.482347107
0.1261294478
6.849595642
7.684213338
2.64305038
0.6557376223
2.619602256
12.42030548
-10.06681693
3.862572084
17.45384138
-3.55617213
1.50434599
4.605004416
-14.26710224
0.9591683901
25.77364308
5.046856611
-11.93722741
0.7591070584
2.507826043
-8.243656325
1.062751637
0.9952964057
1.246519416
-543.3788159
1.588882703
1.69274605
2.483917189
2.616518504
0.2701021344
3.852074659
2.555239981
0.7187373389
-1.331388732
-1
0.4225806452
4.111111111
-5.501343906
2.229408108
-15.70666566
