3 1 3 10
1 15 5 15
4 1 1 4
1 2 4 5
2 1 1 2
10 9 9 10
1 9 2 10
9 1 10 2
12 1 12 25
13 1 13 25
1 12 25 12
1 13 25 13
1 12 24 12
1 12 24 12
1 1 25 25
25 1 1 25
1 1 1 2
2 1 1 2
1 1 2 2
1 1 2 2
2 1 1 2
10 1 10 25
3 1 3 7
1 1 1 22
3 1 3 13
2 1 2 4
6 1 6 22
1 20 3 20
1 12 13 12
1 9 5 9
1 2 3 2
1 2 23 2
3 1 1 3
18 1 1 18
5 8 3 10
10 1 11 2
1 6 2 7
23 12 20 15
15 3 10 8
5 1 1 5
3 1 1 3
9 1 1 9
4 1 1 4
5 1 1 5
5 12 1 16
8 9 1 16
6 1 1 6
6 10 1 15
21 11 18 14
8 11 1 18
10 1 4 7
8 9 1 16
3 1 12 10
1 3 4 6
3 1 16 14
1 7 4 10
12 1 22 11
1 10 3 12
4 1 5 2
1 2 13 14
1 13 2 14
1 4 11 14
1 2 2 3
1 1 3 3
11 1 15 5
1 11 8 18
1 11 3 13
1 12 3 14
8 1 21 14
1 5 5 9
1 4 5 8
17 1 18 2
